<?xml version="1.0" encoding="UTF-8"?>
<!-- Generated by org.testng.reporters.JUnitXMLReporter -->
<testsuite ignored="1" hostname="CJ" failures="0" tests="1" name="Default test" time="3.434" errors="0" timestamp="2025-06-22T18:51:56 IST">
  <testcase classname="tests.SampleTest" name="navigateToRegisterPage" time="1.182"/>
  <testcase classname="tests.SampleTest" name="dataEntryInRegisterpage" time="0.0">
    <ignored/>
  </testcase> <!-- dataEntryInRegisterpage -->
</testsuite> <!-- Default test -->
